<?xml version="1.0" encoding="UTF-8"?>
<!-- Generated by org.testng.reporters.JUnitReportReporter -->
<testsuite skipped="1" hostname="DESKTOP-077G3EM" name="com.RingPayScripts.RingPolicy_Scripts" tests="2" failures="1" timestamp="2022-12-20T22:10:17 IST" time="144.071" errors="0">
  <testcase name="RegularOfferBC1" time="144.071" classname="com.RingPayScripts.RingPolicy_Scripts">
    <failure type="java.lang.AssertionError" message="expected object to not be null">
      <![CDATA[java.lang.AssertionError: expected object to not be null
at org.testng.Assert.fail(Assert.java:97)
at org.testng.Assert.assertNotNull(Assert.java:874)
at org.testng.Assert.assertNotNull(Assert.java:858)
at com.utility.Validation.assertRequest_IdNotNullBodyValidation(Validation.java:243)
at com.business.RingPay_MerchantQRCode_Journey.RegisterUser_UserAuthenticate.userToken_Positive(RegisterUser_UserAuthenticate.java:53)
at com.business.RingPay_MerchantQRCode_Journey.RegisterUser_BasicDetails.invalidEmailId_Negative(RegisterUser_BasicDetails.java:416)
at com.RingPayScripts.RingPolicy_Scripts.RegularOfferBC1(RingPolicy_Scripts.java:452)
at sun.reflect.NativeMethodAccessorImpl.invoke0(Native Method)
at sun.reflect.NativeMethodAccessorImpl.invoke(NativeMethodAccessorImpl.java:62)
at sun.reflect.DelegatingMethodAccessorImpl.invoke(DelegatingMethodAccessorImpl.java:43)
at java.lang.reflect.Method.invoke(Method.java:498)
at org.testng.internal.MethodInvocationHelper.invokeMethod(MethodInvocationHelper.java:134)
at org.testng.internal.TestInvoker.invokeMethod(TestInvoker.java:597)
at org.testng.internal.TestInvoker.invokeTestMethod(TestInvoker.java:173)
at org.testng.internal.MethodRunner.runInSequence(MethodRunner.java:46)
at org.testng.internal.TestInvoker$MethodInvocationAgent.invoke(TestInvoker.java:816)
at org.testng.internal.TestInvoker.invokeTestMethods(TestInvoker.java:146)
at org.testng.internal.TestMethodWorker.invokeTestMethods(TestMethodWorker.java:146)
at org.testng.internal.TestMethodWorker.run(TestMethodWorker.java:128)
at java.util.ArrayList.forEach(ArrayList.java:1257)
at org.testng.TestRunner.privateRun(TestRunner.java:766)
at org.testng.TestRunner.run(TestRunner.java:587)
at org.testng.SuiteRunner.runTest(SuiteRunner.java:384)
at org.testng.SuiteRunner.runSequentially(SuiteRunner.java:378)
at org.testng.SuiteRunner.privateRun(SuiteRunner.java:337)
at org.testng.SuiteRunner.run(SuiteRunner.java:286)
at org.testng.SuiteRunnerWorker.runSuite(SuiteRunnerWorker.java:53)
at org.testng.SuiteRunnerWorker.run(SuiteRunnerWorker.java:96)
at org.testng.TestNG.runSuitesSequentially(TestNG.java:1187)
at org.testng.TestNG.runSuitesLocally(TestNG.java:1109)
at org.testng.TestNG.runSuites(TestNG.java:1039)
at org.testng.TestNG.run(TestNG.java:1007)
at org.testng.remote.AbstractRemoteTestNG.run(AbstractRemoteTestNG.java:115)
at org.testng.remote.RemoteTestNG.initAndRun(RemoteTestNG.java:251)
at org.testng.remote.RemoteTestNG.main(RemoteTestNG.java:77)
]]>
    </failure>
  </testcase> <!-- RegularOfferBC1 -->
  <system-out/>
  <testcase name="RegularOfferLTBC1" classname="com.RingPayScripts.RingPolicy_Scripts">
    <skipped/>
  </testcase> <!-- RegularOfferLTBC1 -->
  <system-out/>
</testsuite> <!-- com.RingPayScripts.RingPolicy_Scripts -->
