<?xml version="1.0" encoding="UTF-8"?>
<!-- Generated by org.testng.reporters.JUnitReportReporter -->
<testsuite skipped="0" hostname="DESKTOP-077G3EM" name="com.RingPayScripts.MerchantQRCode_and_PromoCode_Scripts_Segment1" tests="2" failures="0" timestamp="2023-01-30T17:03:07 IST" time="281.675" errors="2">
  <testcase name="MerChantQRCodeJourney_Segment1" time="139.329" classname="com.RingPayScripts.MerchantQRCode_and_PromoCode_Scripts_Segment1">
    <error type="java.lang.NullPointerException">
      <![CDATA[java.lang.NullPointerException
at com.utility.Validation.assertFalse(Validation.java:391)
at com.business.RingPay_MerchantQRCode_Journey_Segment1.PinDetailScreen_Get_Pin_Details.getPinDetails_Positive(PinDetailScreen_Get_Pin_Details.java:36)
at com.RingPayScripts.MerchantQRCode_and_PromoCode_Scripts_Segment1.MerChantQRCodeJourney_Segment1(MerchantQRCode_and_PromoCode_Scripts_Segment1.java:352)
at sun.reflect.NativeMethodAccessorImpl.invoke0(Native Method)
at sun.reflect.NativeMethodAccessorImpl.invoke(NativeMethodAccessorImpl.java:62)
at sun.reflect.DelegatingMethodAccessorImpl.invoke(DelegatingMethodAccessorImpl.java:43)
at java.lang.reflect.Method.invoke(Method.java:498)
at org.testng.internal.MethodInvocationHelper.invokeMethod(MethodInvocationHelper.java:134)
at org.testng.internal.TestInvoker.invokeMethod(TestInvoker.java:597)
at org.testng.internal.TestInvoker.invokeTestMethod(TestInvoker.java:173)
at org.testng.internal.MethodRunner.runInSequence(MethodRunner.java:46)
at org.testng.internal.TestInvoker$MethodInvocationAgent.invoke(TestInvoker.java:816)
at org.testng.internal.TestInvoker.invokeTestMethods(TestInvoker.java:146)
at org.testng.internal.TestMethodWorker.invokeTestMethods(TestMethodWorker.java:146)
at org.testng.internal.TestMethodWorker.run(TestMethodWorker.java:128)
at java.util.concurrent.ThreadPoolExecutor.runWorker(ThreadPoolExecutor.java:1149)
at java.util.concurrent.ThreadPoolExecutor$Worker.run(ThreadPoolExecutor.java:624)
at java.lang.Thread.run(Thread.java:748)
]]>
    </error>
  </testcase> <!-- MerChantQRCodeJourney_Segment1 -->
  <system-out/>
  <testcase name="PromoCode_Journey_Segment1" time="142.346" classname="com.RingPayScripts.MerchantQRCode_and_PromoCode_Scripts_Segment1">
    <error type="java.lang.NullPointerException">
      <![CDATA[java.lang.NullPointerException
at com.utility.Validation.assertFalse(Validation.java:391)
at com.business.RingPay_PromoCode_Journey_Segment1.PinDetailScreen_Get_Pin_Details.getPinDetails_Positive(PinDetailScreen_Get_Pin_Details.java:36)
at com.RingPayScripts.MerchantQRCode_and_PromoCode_Scripts_Segment1.PromoCode_Journey_Segment1(MerchantQRCode_and_PromoCode_Scripts_Segment1.java:767)
at sun.reflect.NativeMethodAccessorImpl.invoke0(Native Method)
at sun.reflect.NativeMethodAccessorImpl.invoke(NativeMethodAccessorImpl.java:62)
at sun.reflect.DelegatingMethodAccessorImpl.invoke(DelegatingMethodAccessorImpl.java:43)
at java.lang.reflect.Method.invoke(Method.java:498)
at org.testng.internal.MethodInvocationHelper.invokeMethod(MethodInvocationHelper.java:134)
at org.testng.internal.TestInvoker.invokeMethod(TestInvoker.java:597)
at org.testng.internal.TestInvoker.invokeTestMethod(TestInvoker.java:173)
at org.testng.internal.MethodRunner.runInSequence(MethodRunner.java:46)
at org.testng.internal.TestInvoker$MethodInvocationAgent.invoke(TestInvoker.java:816)
at org.testng.internal.TestInvoker.invokeTestMethods(TestInvoker.java:146)
at org.testng.internal.TestMethodWorker.invokeTestMethods(TestMethodWorker.java:146)
at org.testng.internal.TestMethodWorker.run(TestMethodWorker.java:128)
at java.util.concurrent.ThreadPoolExecutor.runWorker(ThreadPoolExecutor.java:1149)
at java.util.concurrent.ThreadPoolExecutor$Worker.run(ThreadPoolExecutor.java:624)
at java.lang.Thread.run(Thread.java:748)
]]>
    </error>
  </testcase> <!-- PromoCode_Journey_Segment1 -->
  <system-out/>
</testsuite> <!-- com.RingPayScripts.MerchantQRCode_and_PromoCode_Scripts_Segment1 -->
