<?xml version="1.0" encoding="UTF-8"?>
<!-- Generated by org.testng.reporters.JUnitReportReporter -->
<testsuite skipped="0" hostname="DESKTOP-077G3EM" name="com.RingPayScripts.MockUser_Scripts" tests="29" failures="1" timestamp="2022-12-13T18:13:32 IST" time="426.071" errors="0">
  <testcase name="userDetailsAPI" time="22.664" classname="com.RingPayScripts.MockUser_Scripts"/>
  <system-out/>
  <testcase name="onloadAndroidVersionCheckAPI" time="0.547" classname="com.RingPayScripts.MockUser_Scripts"/>
  <system-out/>
  <testcase name="getVPADetails" time="1.428" classname="com.RingPayScripts.MockUser_Scripts"/>
  <system-out/>
  <testcase name="sendOtp_Positive" time="9.591" classname="com.RingPayScripts.MockUser_Scripts"/>
  <system-out/>
  <testcase name="userToken" time="14.845" classname="com.RingPayScripts.MockUser_Scripts"/>
  <system-out/>
  <testcase name="updateUserDetils_200" time="72.284" classname="com.RingPayScripts.MockUser_Scripts"/>
  <system-out/>
  <testcase name="loginUser" time="3.436" classname="com.RingPayScripts.MockUser_Scripts"/>
  <system-out/>
  <testcase name="registeruser" time="4.946" classname="com.RingPayScripts.MockUser_Scripts"/>
  <system-out/>
  <testcase name="locationRequire" time="3.092" classname="com.RingPayScripts.MockUser_Scripts"/>
  <system-out/>
  <testcase name="getUserDetails_Positive" time="2.837" classname="com.RingPayScripts.MockUser_Scripts"/>
  <system-out/>
  <testcase name="user_onboarding_200" time="40.815" classname="com.RingPayScripts.MockUser_Scripts"/>
  <system-out/>
  <testcase name="create_bnpl_transaction" time="27.106" classname="com.RingPayScripts.MockUser_Scripts"/>
  <system-out/>
  <testcase name="update_user_status_200" time="35.711" classname="com.RingPayScripts.MockUser_Scripts"/>
  <system-out/>
  <testcase name="check_Application_Eligibility" time="50.218" classname="com.RingPayScripts.MockUser_Scripts"/>
  <system-out/>
  <testcase name="get_Offer_Details" time="10.166" classname="com.RingPayScripts.MockUser_Scripts"/>
  <system-out/>
  <testcase name="accept_Offer" time="9.670" classname="com.RingPayScripts.MockUser_Scripts"/>
  <system-out/>
  <testcase name="offerDetailsScreen_CheckApplicationEligibility" time="13.216" classname="com.RingPayScripts.MockUser_Scripts"/>
  <system-out/>
  <testcase name="getPinDetails" time="2.626" classname="com.RingPayScripts.MockUser_Scripts"/>
  <system-out/>
  <testcase name="sendOtpForPin" time="2.800" classname="com.RingPayScripts.MockUser_Scripts"/>
  <system-out/>
  <testcase name="setResetPin" time="5.267" classname="com.RingPayScripts.MockUser_Scripts"/>
  <system-out/>
  <testcase name="afterResetPin_getPinDetails" time="2.666" classname="com.RingPayScripts.MockUser_Scripts"/>
  <system-out/>
  <testcase name="bnplLines" time="8.782" classname="com.RingPayScripts.MockUser_Scripts">
    <failure type="java.lang.AssertionError" message="expected [null] but found [LINE168735387211816L]">
      <![CDATA[java.lang.AssertionError: expected [null] but found [LINE168735387211816L]
at org.testng.Assert.fail(Assert.java:97)
at org.testng.Assert.failNotEquals(Assert.java:969)
at org.testng.Assert.assertEqualsImpl(Assert.java:131)
at org.testng.Assert.assertEquals(Assert.java:118)
at org.testng.Assert.assertEquals(Assert.java:575)
at org.testng.Assert.assertEquals(Assert.java:585)
at com.utility.Validation.assertEqualsDataBase(Validation.java:97)
at com.business.RingPay_MerchantQRCode_Journey.Bnpl_Txn_Bnpl_Lines.bnpl_Lines(Bnpl_Txn_Bnpl_Lines.java:35)
at com.RingPayScripts.MockUser_Scripts.bnplLines(MockUser_Scripts.java:408)
at sun.reflect.NativeMethodAccessorImpl.invoke0(Native Method)
at sun.reflect.NativeMethodAccessorImpl.invoke(NativeMethodAccessorImpl.java:62)
at sun.reflect.DelegatingMethodAccessorImpl.invoke(DelegatingMethodAccessorImpl.java:43)
at java.lang.reflect.Method.invoke(Method.java:498)
at org.testng.internal.MethodInvocationHelper.invokeMethod(MethodInvocationHelper.java:134)
at org.testng.internal.TestInvoker.invokeMethod(TestInvoker.java:597)
at org.testng.internal.TestInvoker.invokeTestMethod(TestInvoker.java:173)
at org.testng.internal.MethodRunner.runInSequence(MethodRunner.java:46)
at org.testng.internal.TestInvoker$MethodInvocationAgent.invoke(TestInvoker.java:816)
at org.testng.internal.TestInvoker.invokeTestMethods(TestInvoker.java:146)
at org.testng.internal.TestMethodWorker.invokeTestMethods(TestMethodWorker.java:146)
at org.testng.internal.TestMethodWorker.run(TestMethodWorker.java:128)
at java.util.ArrayList.forEach(ArrayList.java:1257)
at org.testng.TestRunner.privateRun(TestRunner.java:766)
at org.testng.TestRunner.run(TestRunner.java:587)
at org.testng.SuiteRunner.runTest(SuiteRunner.java:384)
at org.testng.SuiteRunner.runSequentially(SuiteRunner.java:378)
at org.testng.SuiteRunner.privateRun(SuiteRunner.java:337)
at org.testng.SuiteRunner.run(SuiteRunner.java:286)
at org.testng.SuiteRunnerWorker.runSuite(SuiteRunnerWorker.java:53)
at org.testng.SuiteRunnerWorker.run(SuiteRunnerWorker.java:96)
at org.testng.TestNG.runSuitesSequentially(TestNG.java:1187)
at org.testng.TestNG.runSuitesLocally(TestNG.java:1109)
at org.testng.TestNG.runSuites(TestNG.java:1039)
at org.testng.TestNG.run(TestNG.java:1007)
at org.testng.remote.AbstractRemoteTestNG.run(AbstractRemoteTestNG.java:115)
at org.testng.remote.RemoteTestNG.initAndRun(RemoteTestNG.java:251)
at org.testng.remote.RemoteTestNG.main(RemoteTestNG.java:77)
]]>
    </failure>
  </testcase> <!-- bnplLines -->
  <system-out/>
  <testcase name="paymentOption" time="24.607" classname="com.RingPayScripts.MockUser_Scripts"/>
  <system-out/>
  <testcase name="transaction_Initiate" time="35.933" classname="com.RingPayScripts.MockUser_Scripts"/>
  <system-out/>
  <testcase name="transactionComplete" time="5.000" classname="com.RingPayScripts.MockUser_Scripts"/>
  <system-out/>
  <testcase name="homeScreenForCurrentSpends" time="3.916" classname="com.RingPayScripts.MockUser_Scripts"/>
  <system-out/>
  <testcase name="paymentValidate" time="2.694" classname="com.RingPayScripts.MockUser_Scripts"/>
  <system-out/>
  <testcase name="notifyPaymentDone" time="3.275" classname="com.RingPayScripts.MockUser_Scripts"/>
  <system-out/>
  <testcase name="getSettlementStatus" time="5.933" classname="com.RingPayScripts.MockUser_Scripts"/>
  <system-out/>
</testsuite> <!-- com.RingPayScripts.MockUser_Scripts -->
